Время: 2024-06-12 20:12:50,446
Модуль: app.db.connection
Тип: INFO
Текст: Успешнное соединение с базой

Время: 2024-06-12 20:14:16,533
Модуль: app.db.connection
Тип: INFO
Текст: Успешное соединение с базой: backend_hikvision

Время: 2024-06-13 00:50:33,508
Модуль: app.db.connection
Тип: INFO
Текст: Успешное соединение с базой: backend_hikvision

Время: 2024-06-13 09:12:10,359
Модуль: app.db.connection
Тип: INFO
Текст: Успешное соединение с базой: backend_hikvision

Время: 2024-06-13 09:19:41,122
Модуль: app.db.connection
Тип: INFO
Текст: Успешное соединение с базой: backend_hikvision

Время: 2024-06-13 09:22:17,243
Модуль: app.db.connection
Тип: INFO
Текст: Успешное соединение с базой: backend_hikvision

Время: 2024-06-13 09:22:46,552
Модуль: app.db.connection
Тип: INFO
Текст: Успешное соединение с базой: backend_hikvision

Время: 2024-06-13 09:22:52,866
Модуль: app.db.connection
Тип: INFO
Текст: Успешное соединение с базой: backend_hikvision

Время: 2024-06-13 09:23:03,106
Модуль: app.db.connection
Тип: INFO
Текст: Успешное соединение с базой: backend_hikvision

