Время: 2024-06-12 20:12:50,408
Модуль: app.core.config
Тип: INFO
Текст: Данные окружения имортированы

Время: 2024-06-12 20:14:16,492
Модуль: app.core.config
Тип: INFO
Текст: Данные окружения имортированы

Время: 2024-06-13 00:50:33,281
Модуль: app.core.config
Тип: INFO
Текст: Данные окружения имортированы из 'app/.env'

Время: 2024-06-13 09:12:10,129
Модуль: app.core.config
Тип: INFO
Текст: Данные окружения имортированы из 'app/.env'

Время: 2024-06-13 09:19:41,072
Модуль: app.core.config
Тип: INFO
Текст: Данные окружения имортированы из 'app/.env'

Время: 2024-06-13 09:22:17,197
Модуль: app.core.config
Тип: INFO
Текст: Данные окружения имортированы из 'app/.env'

Время: 2024-06-13 09:22:46,508
Модуль: app.core.config
Тип: INFO
Текст: Данные окружения имортированы из 'app/.env'

Время: 2024-06-13 09:22:52,822
Модуль: app.core.config
Тип: INFO
Текст: Данные окружения имортированы из 'app/.env'

Время: 2024-06-13 09:23:03,062
Модуль: app.core.config
Тип: INFO
Текст: Данные окружения имортированы из 'app/.env'

Время: 2024-06-13 09:26:54,844
Модуль: app.core.config
Тип: INFO
Текст: Данные окружения имортированы из 'app/.env'

Время: 2024-06-13 15:14:14,912
Модуль: app.core.config
Тип: INFO
Текст: Данные окружения имортированы из 'app/.env'

Время: 2024-06-13 15:15:12,705
Модуль: app.core.config
Тип: INFO
Текст: Данные окружения имортированы из 'app/.env'

Время: 2024-06-13 15:15:17,906
Модуль: app.core.config
Тип: INFO
Текст: Данные окружения имортированы из 'app/.env'

Время: 2024-06-13 15:15:26,760
Модуль: app.core.config
Тип: INFO
Текст: Данные окружения имортированы из 'app/.env'

Время: 2024-06-13 15:15:28,697
Модуль: app.core.config
Тип: INFO
Текст: Данные окружения имортированы из 'app/.env'

Время: 2024-06-13 15:16:28,064
Модуль: app.core.config
Тип: INFO
Текст: Данные окружения имортированы из 'app/.env'

Время: 2024-06-13 15:16:48,398
Модуль: app.core.config
Тип: INFO
Текст: Данные окружения имортированы из 'app/.env'

Время: 2024-06-13 15:17:29,406
Модуль: app.core.config
Тип: INFO
Текст: Данные окружения имортированы из 'app/.env'

Время: 2024-06-13 15:21:16,050
Модуль: app.core.config
Тип: INFO
Текст: Данные окружения имортированы из 'app/.env'

Время: 2024-06-13 15:27:37,747
Модуль: app.core.config
Тип: INFO
Текст: Данные окружения имортированы из 'app/.env'

Время: 2024-06-13 15:29:44,439
Модуль: app.core.config
Тип: INFO
Текст: Данные окружения имортированы из 'app/.env'

Время: 2024-06-13 15:35:58,247
Модуль: app.core.config
Тип: INFO
Текст: Данные окружения имортированы из 'app/.env'

Время: 2024-06-13 16:05:31,322
Модуль: app.core.config
Тип: INFO
Текст: Данные окружения имортированы из 'app/.env'

Время: 2024-06-13 16:21:53,646
Модуль: app.core.config
Тип: INFO
Текст: Данные окружения имортированы из 'app/.env'

Время: 2024-06-13 16:40:48,781
Модуль: app.core.config
Тип: INFO
Текст: Данные окружения имортированы из 'app/.env'

Время: 2024-06-13 16:43:45,773
Модуль: app.core.config
Тип: INFO
Текст: Данные окружения имортированы из 'app/.env'

Время: 2024-06-13 16:45:04,549
Модуль: app.core.config
Тип: INFO
Текст: Данные окружения имортированы из 'app/.env'

Время: 2024-06-13 16:46:02,002
Модуль: app.core.config
Тип: INFO
Текст: Данные окружения имортированы из 'app/.env'

Время: 2024-06-13 16:55:09,539
Модуль: app.core.config
Тип: INFO
Текст: Данные окружения имортированы из 'app/.env'

Время: 2024-06-13 16:55:18,307
Модуль: app.core.config
Тип: INFO
Текст: Данные окружения имортированы из 'app/.env'

Время: 2024-06-13 16:55:19,714
Модуль: app.core.config
Тип: INFO
Текст: Данные окружения имортированы из 'app/.env'

Время: 2024-06-13 20:54:31,982
Модуль: app.core.config
Тип: INFO
Текст: Данные окружения имортированы из 'app/.env'

Время: 2024-06-13 21:02:21,446
Модуль: app.core.config
Тип: INFO
Текст: Данные окружения имортированы из 'app/.env'

Время: 2024-06-13 21:02:40,526
Модуль: app.core.config
Тип: INFO
Текст: Данные окружения имортированы из 'app/.env'

Время: 2024-06-13 21:03:06,083
Модуль: app.core.config
Тип: INFO
Текст: Данные окружения имортированы из 'app/.env'

Время: 2024-06-13 21:03:36,075
Модуль: app.core.config
Тип: INFO
Текст: Данные окружения имортированы из 'app/.env'

Время: 2024-06-13 21:04:59,063
Модуль: app.core.config
Тип: INFO
Текст: Данные окружения имортированы из 'app/.env'

Время: 2024-06-13 21:05:45,973
Модуль: app.core.config
Тип: INFO
Текст: Данные окружения имортированы из 'app/.env'

Время: 2024-06-13 21:06:16,753
Модуль: app.core.config
Тип: INFO
Текст: Данные окружения имортированы из 'app/.env'

Время: 2024-06-13 21:06:18,150
Модуль: app.core.config
Тип: INFO
Текст: Данные окружения имортированы из 'app/.env'

Время: 2024-06-16 09:10:21,069
Модуль: app.core.config
Тип: INFO
Текст: Данные окружения имортированы из 'app/.env'

Время: 2024-06-16 16:03:54,738
Модуль: app.core.config
Тип: INFO
Текст: Данные окружения имортированы из 'app/.env'

Время: 2024-06-16 16:20:49,287
Модуль: app.core.config
Тип: INFO
Текст: Данные окружения имортированы из 'app/.env'

Время: 2024-06-16 16:20:53,718
Модуль: app.core.config
Тип: INFO
Текст: Данные окружения имортированы из 'app/.env'

Время: 2024-06-16 16:20:55,518
Модуль: app.core.config
Тип: INFO
Текст: Данные окружения имортированы из 'app/.env'

Время: 2024-06-16 16:24:03,088
Модуль: app.core.config
Тип: INFO
Текст: Данные окружения имортированы из 'app/.env'

Время: 2024-06-16 23:54:43,299
Модуль: app.core.config
Тип: INFO
Текст: Данные окружения имортированы из 'app/.env'

Время: 2024-06-16 23:54:54,947
Модуль: app.core.config
Тип: INFO
Текст: Данные окружения имортированы из 'app/.env'

Время: 2024-06-16 23:57:11,016
Модуль: app.core.config
Тип: INFO
Текст: Данные окружения имортированы из 'app/.env'

Время: 2024-06-16 23:57:53,902
Модуль: app.core.config
Тип: INFO
Текст: Данные окружения имортированы из 'app/.env'

Время: 2024-06-17 00:04:05,399
Модуль: app.core.config
Тип: INFO
Текст: Данные окружения имортированы из 'app/.env'

Время: 2024-06-17 00:05:33,811
Модуль: app.core.config
Тип: INFO
Текст: Данные окружения имортированы из 'app/.env'

Время: 2024-06-17 00:06:38,489
Модуль: app.core.config
Тип: INFO
Текст: Данные окружения имортированы из 'app/.env'

Время: 2024-06-17 00:08:08,980
Модуль: app.core.config
Тип: INFO
Текст: Данные окружения имортированы из 'app/.env'

Время: 2024-06-17 00:15:08,566
Модуль: app.core.config
Тип: INFO
Текст: Данные окружения имортированы из 'app/.env'

Время: 2024-06-17 00:16:05,055
Модуль: app.core.config
Тип: INFO
Текст: Данные окружения имортированы из 'app/.env'

Время: 2024-06-17 00:16:28,507
Модуль: app.core.config
Тип: INFO
Текст: Данные окружения имортированы из 'app/.env'

Время: 2024-06-17 00:18:03,515
Модуль: app.core.config
Тип: INFO
Текст: Данные окружения имортированы из 'app/.env'

Время: 2024-06-17 00:18:33,873
Модуль: app.core.config
Тип: INFO
Текст: Данные окружения имортированы из 'app/.env'

Время: 2024-06-17 00:19:41,602
Модуль: app.core.config
Тип: INFO
Текст: Данные окружения имортированы из 'app/.env'

Время: 2024-06-17 00:19:45,895
Модуль: app.core.config
Тип: INFO
Текст: Данные окружения имортированы из 'app/.env'

Время: 2024-06-17 00:19:48,459
Модуль: app.core.config
Тип: INFO
Текст: Данные окружения имортированы из 'app/.env'

Время: 2024-06-17 00:19:56,027
Модуль: app.core.config
Тип: INFO
Текст: Данные окружения имортированы из 'app/.env'

Время: 2024-06-18 09:38:25,518
Модуль: app.core.config
Тип: INFO
Текст: Данные окружения имортированы из 'app/.env'

Время: 2024-06-18 09:39:05,848
Модуль: app.core.config
Тип: INFO
Текст: Данные окружения имортированы из 'app/.env'

Время: 2024-06-18 09:42:46,437
Модуль: app.core.config
Тип: INFO
Текст: Данные окружения имортированы из 'app/.env'

Время: 2024-06-18 09:43:50,400
Модуль: app.core.config
Тип: INFO
Текст: Данные окружения имортированы из 'app/.env'

Время: 2024-06-18 10:43:50,249
Модуль: app.core.config
Тип: INFO
Текст: Данные окружения имортированы из 'app/.env'

Время: 2024-06-18 10:44:52,328
Модуль: app.core.config
Тип: INFO
Текст: Данные окружения имортированы из 'app/.env'

Время: 2024-06-18 10:45:23,217
Модуль: app.core.config
Тип: INFO
Текст: Данные окружения имортированы из 'app/.env'

Время: 2024-06-30 13:21:25,143
Модуль: app.core.config
Тип: INFO
Текст: Данные окружения имортированы из 'app/.env'

Время: 2024-06-30 13:21:37,807
Модуль: app.core.config
Тип: INFO
Текст: Данные окружения имортированы из 'app/.env'

Время: 2024-06-30 13:22:50,649
Модуль: app.core.config
Тип: INFO
Текст: Данные окружения имортированы из 'app/.env'

Время: 2024-06-30 17:28:12,092
Модуль: app.core.config
Тип: INFO
Текст: Данные окружения имортированы из 'app/.env'

Время: 2024-06-30 17:28:49,545
Модуль: app.core.config
Тип: INFO
Текст: Данные окружения имортированы из 'app/.env'

Время: 2024-06-30 17:34:12,116
Модуль: app.core.config
Тип: INFO
Текст: Данные окружения имортированы из 'app/.env'

Время: 2024-06-30 17:41:27,279
Модуль: app.core.config
Тип: INFO
Текст: Данные окружения имортированы из 'app/.env'

Время: 2024-06-30 17:42:24,078
Модуль: app.core.config
Тип: INFO
Текст: Данные окружения имортированы из 'app/.env'

Время: 2024-06-30 17:43:02,380
Модуль: app.core.config
Тип: INFO
Текст: Данные окружения имортированы из 'app/.env'

Время: 2024-06-30 17:44:17,921
Модуль: app.core.config
Тип: INFO
Текст: Данные окружения имортированы из 'app/.env'

Время: 2024-06-30 17:44:36,627
Модуль: app.core.config
Тип: INFO
Текст: Данные окружения имортированы из 'app/.env'

Время: 2024-06-30 17:44:54,087
Модуль: app.core.config
Тип: INFO
Текст: Данные окружения имортированы из 'app/.env'

Время: 2024-06-30 17:46:04,773
Модуль: app.core.config
Тип: INFO
Текст: Данные окружения имортированы из 'app/.env'

Время: 2024-06-30 17:46:20,394
Модуль: app.core.config
Тип: INFO
Текст: Данные окружения имортированы из 'app/.env'

Время: 2024-06-30 17:46:38,092
Модуль: app.core.config
Тип: INFO
Текст: Данные окружения имортированы из 'app/.env'

Время: 2024-06-30 17:46:43,472
Модуль: app.core.config
Тип: INFO
Текст: Данные окружения имортированы из 'app/.env'

Время: 2024-06-30 17:46:45,418
Модуль: app.core.config
Тип: INFO
Текст: Данные окружения имортированы из 'app/.env'

Время: 2024-06-30 17:46:47,396
Модуль: app.core.config
Тип: INFO
Текст: Данные окружения имортированы из 'app/.env'

Время: 2024-06-30 17:55:03,402
Модуль: app.core.config
Тип: INFO
Текст: Данные окружения имортированы из 'app/.env'

Время: 2024-06-30 18:07:02,737
Модуль: app.core.config
Тип: INFO
Текст: Данные окружения имортированы из 'app/.env'

Время: 2024-06-30 18:09:04,320
Модуль: app.core.config
Тип: INFO
Текст: Данные окружения имортированы из 'app/.env'

Время: 2024-06-30 18:09:05,681
Модуль: app.core.config
Тип: INFO
Текст: Данные окружения имортированы из 'app/.env'

Время: 2024-06-30 18:09:54,674
Модуль: app.core.config
Тип: INFO
Текст: Данные окружения имортированы из 'app/.env'

Время: 2024-06-30 18:16:42,288
Модуль: app.core.config
Тип: INFO
Текст: Данные окружения имортированы из 'app/.env'

Время: 2024-06-30 18:16:43,758
Модуль: app.core.config
Тип: INFO
Текст: Данные окружения имортированы из 'app/.env'

Время: 2024-06-30 18:17:41,420
Модуль: app.core.config
Тип: INFO
Текст: Данные окружения имортированы из 'app/.env'

