Время: 2024-06-13 21:02:48,164
Модуль: app.api.endpoints.heartbeat
Тип: WARNING
Текст: last_record=<app.db.models.records.Record object at 0x000001F8A5AC08F0>

Время: 2024-06-13 21:02:58,515
Модуль: app.api.endpoints.heartbeat
Тип: WARNING
Текст: Here

Время: 2024-06-13 21:03:42,004
Модуль: app.api.endpoints.heartbeat
Тип: WARNING
Текст: last_record.record_id='d5bd51380330457960861121e616affaf91780b7d94e649e33d86249d46f1d29|hccacs_swipecard_event_202406'

Время: 2024-06-13 21:03:51,127
Модуль: app.api.endpoints.heartbeat
Тип: WARNING
Текст: Here

Время: 2024-06-13 21:03:51,130
Модуль: app.api.endpoints.heartbeat
Тип: WARNING
Текст: 0

Время: 2024-06-13 21:05:04,820
Модуль: app.api.endpoints.heartbeat
Тип: WARNING
Текст: last_record.record_id='d5bd51380330457960861121e616affaf91780b7d94e649e33d86249d46f1d29|hccacs_swipecard_event_202406'

Время: 2024-06-13 21:05:14,172
Модуль: app.api.endpoints.heartbeat
Тип: WARNING
Текст: Here

Время: 2024-06-13 21:05:14,173
Модуль: app.api.endpoints.heartbeat
Тип: WARNING
Текст: 0

Время: 2024-06-13 21:05:26,618
Модуль: app.api.endpoints.heartbeat
Тип: WARNING
Текст: last_record.record_id='d5bd51380330457960861121e616affaf91780b7d94e649e33d86249d46f1d29|hccacs_swipecard_event_202406'

Время: 2024-06-13 21:05:37,035
Модуль: app.api.endpoints.heartbeat
Тип: WARNING
Текст: Here

Время: 2024-06-13 21:05:37,035
Модуль: app.api.endpoints.heartbeat
Тип: WARNING
Текст: 0

Время: 2024-06-13 21:05:49,809
Модуль: app.api.endpoints.heartbeat
Тип: WARNING
Текст: last_record.record_id='d5bd51380330457960861121e616affaf91780b7d94e649e33d86249d46f1d29|hccacs_swipecard_event_202406'

Время: 2024-06-13 21:05:58,782
Модуль: app.api.endpoints.heartbeat
Тип: WARNING
Текст: Here

Время: 2024-06-13 21:05:58,782
Модуль: app.api.endpoints.heartbeat
Тип: WARNING
Текст: 0

