Время: 2024-06-12 20:07:15,469
Модуль: app.main
Тип: INFO
Текст: Проект запущен успешно

Время: 2024-06-12 20:08:35,666
Модуль: app.main
Тип: INFO
Текст: Проект запущен успешно

Р’СЂРµРјСЏ: 2024-06-12 20:09:03,728
РњРѕРґСѓР»СЊ: app.main
РўРёРї: INFO
РўРµРєСЃС‚: РџСЂРѕРµРєС‚ Р·Р°РїСѓС‰РµРЅ СѓСЃРїРµС€РЅРѕ

Р’СЂРµРјСЏ: 2024-06-12 20:09:38,543
РњРѕРґСѓР»СЊ: app.main
РўРёРї: INFO
РўРµРєСЃС‚: РџСЂРѕРµРєС‚ Р·Р°РїСѓС‰РµРЅ СѓСЃРїРµС€РЅРѕ

Р’СЂРµРјСЏ: 2024-06-12 20:11:35,707
РњРѕРґСѓР»СЊ: app.main
РўРёРї: INFO
РўРµРєСЃС‚: РџСЂРѕРµРєС‚ Р·Р°РїСѓС‰РµРЅ СѓСЃРїРµС€РЅРѕ

Р’СЂРµРјСЏ: 2024-06-12 20:12:09,713
РњРѕРґСѓР»СЊ: app.main
РўРёРї: INFO
РўРµРєСЃС‚: РџСЂРѕРµРєС‚ Р·Р°РїСѓС‰РµРЅ СѓСЃРїРµС€РЅРѕ

Р’СЂРµРјСЏ: 2024-06-12 20:12:50,934
РњРѕРґСѓР»СЊ: app.main
РўРёРї: INFO
РўРµРєСЃС‚: РџСЂРѕРµРєС‚ Р·Р°РїСѓС‰РµРЅ СѓСЃРїРµС€РЅРѕ

Р’СЂРµРјСЏ: 2024-06-12 20:14:17,054
РњРѕРґСѓР»СЊ: app.main
РўРёРї: INFO
РўРµРєСЃС‚: РџСЂРѕРµРєС‚ Р·Р°РїСѓС‰РµРЅ СѓСЃРїРµС€РЅРѕ

